mpif90 -c -I/global/apps/PETSc/3.4.4/include/finclude  -fPIC -O3 -IPO   -I/global/apps/petsc/3.4.4/include -I/global/apps/petsc/3.4.4/include -I/global/apps/openmpi/1.6.2/intel/13.0.0/include    -o main.o main.F
mpif90 -I/global/apps/PETSc/3.4.4/include/finclude  main.o -o test -Wl,-rpath,/global/apps/petsc/3.4.4/lib -L/global/apps/petsc/3.4.4/lib  -lpetsc -Wl,-rpath,/global/apps/petsc/3.4.4/lib -lHYPRE -Wl,-rpath,/global/apps/openmpi/1.6.2/intel/13.0.0/lib -L/global/apps/openmpi/1.6.2/intel/13.0.0/lib -Wl,-rpath,/global/apps/intel/2013.1/mkl/lib/intel64 -L/global/apps/intel/2013.1/mkl/lib/intel64 -Wl,-rpath,/global/apps/intel/2013.1/tbb/lib/intel64 -L/global/apps/intel/2013.1/tbb/lib/intel64 -Wl,-rpath,/global/apps/intel/2013.1/ipp/lib/intel64 -L/global/apps/intel/2013.1/ipp/lib/intel64 -Wl,-rpath,/global/apps/intel/2013.1/composerxe/lib/intel64 -L/global/apps/intel/2013.1/composerxe/lib/intel64 -Wl,-rpath,/global/hds/home/install/intel/2013.1/composer_xe_2013.1.117/compiler/lib/intel64 -L/global/hds/home/install/intel/2013.1/composer_xe_2013.1.117/compiler/lib/intel64 -Wl,-rpath,/usr/lib/gcc/x86_64-redhat-linux/4.4.7 -L/usr/lib/gcc/x86_64-redhat-linux/4.4.7 -llapack -lblas -lX11 -lpthread -lmpi_f90 -lmpi_f77 -lm -lm -lifport -lifcore -lm -lm -lm -ldl -lmpi -lrt -lnsl -lutil -limf -lsvml -lirng -lipgo -ldecimal -lcilkrts -lstdc++ -lgcc_s -lirc -lpthread -lirc_s -ldl 
Traceback (most recent call last):
  File "/global/apps/Python/2.7.3/bin/test", line 5, in <module>
    from pkg_resources import load_entry_point
  File "/global/apps/python/2.7.3/lib/python2.7/site-packages/distribute-0.6.28-py2.7.egg/pkg_resources.py", line 2815, in <module>
Traceback (most recent call last):
  File "/global/apps/Python/2.7.3/bin/test", line 5, in <module>
    from pkg_resources import load_entry_point
  File "/global/apps/python/2.7.3/lib/python2.7/site-packages/distribute-0.6.28-py2.7.egg/pkg_resources.py", line 2815, in <module>
        working_set.require(__requires__)
  File "/global/apps/python/2.7.3/lib/python2.7/site-packages/distribute-0.6.28-py2.7.egg/pkg_resources.py", line 690, in require
working_set.require(__requires__)
  File "/global/apps/python/2.7.3/lib/python2.7/site-packages/distribute-0.6.28-py2.7.egg/pkg_resources.py", line 690, in require
    needed = self.resolve(parse_requirements(requirements))
    needed = self.resolve(parse_requirements(requirements))
  File "/global/apps/python/2.7.3/lib/python2.7/site-packages/distribute-0.6.28-py2.7.egg/pkg_resources.py", line 588, in resolve
  File "/global/apps/python/2.7.3/lib/python2.7/site-packages/distribute-0.6.28-py2.7.egg/pkg_resources.py", line 588, in resolve
        raise DistributionNotFound(req)
raise DistributionNotFound(req)
pkg_resources.DistributionNotFound: pkg_resources.DistributionNotFound: ZSI==2.1-a4
ZSI==2.1-a4
--------------------------------------------------------------------------
mpiexec noticed that the job aborted, but has no info as to the process
that caused that situation.
--------------------------------------------------------------------------

Task and CPU usage stats:
       JobID    JobName  AllocCPUS   NTasks     MinCPU MinCPUTask     AveCPU    Elapsed ExitCode 
------------ ---------- ---------- -------- ---------- ---------- ---------- ---------- -------- 
1362338             DNA          2                                             00:00:02      0:0 
1362338.bat+      batch          2        1   00:00:00          0   00:00:00   00:00:02      0:0 

Memory usage stats:
       JobID     MaxRSS MaxRSSTask     AveRSS MaxPages   MaxPagesTask   AvePages 
------------ ---------- ---------- ---------- -------- -------------- ---------- 
1362338                                                                          
1362338.bat+      1064K          0      1064K        0              0          0 

Disk usage stats:
       JobID  MaxDiskRead MaxDiskReadTask    AveDiskRead MaxDiskWrite MaxDiskWriteTask   AveDiskWrite 
------------ ------------ --------------- -------------- ------------ ---------------- -------------- 
1362338                                                                                               
1362338.bat+            0           65534              0            0            65534              0 

Job 1362338 completed at Thu Dec 20 15:36:29 CET 2018
